0 info it worked if it ends with ok
1 verbose cli [ 'C:\\Program Files\\nodejs\\node.exe',
1 verbose cli   'C:\\Users\\JP\\AppData\\Roaming\\npm\\node_modules\\npm\\bin\\npm-cli.js',
1 verbose cli   'run',
1 verbose cli   'start:dist' ]
2 info using npm@4.0.5
3 info using node@v6.10.0
4 verbose run-script [ 'prestart:dist', 'start:dist', 'poststart:dist' ]
5 info lifecycle isomorphic-web@1.0.0~prestart:dist: isomorphic-web@1.0.0
6 silly lifecycle isomorphic-web@1.0.0~prestart:dist: no script for prestart:dist, continuing
7 info lifecycle isomorphic-web@1.0.0~start:dist: isomorphic-web@1.0.0
8 verbose lifecycle isomorphic-web@1.0.0~start:dist: unsafe-perm in lifecycle true
9 verbose lifecycle isomorphic-web@1.0.0~start:dist: PATH: C:\Users\JP\AppData\Roaming\npm\node_modules\npm\bin\node-gyp-bin;C:\open-source\isomorphic-react\node_modules\.bin;D:\Download\cmder\bin;D:\Download\cmder\vendor\git-for-windows\bin;D:\Download\cmder\vendor\git-for-windows\usr\bin;D:\Download\cmder\vendor\git-for-windows\share\vim\vim74;D:\Download\cmder\vendor\conemu-maximus5\ConEmu\Scripts;D:\Download\cmder\vendor\conemu-maximus5;D:\Download\cmder\vendor\conemu-maximus5\ConEmu;C:\ProgramData\Oracle\Java\javapath;C:\Python27\;C:\Python27\Scripts;C:\WINDOWS\system32;C:\WINDOWS;C:\WINDOWS\System32\Wbem;C:\WINDOWS\System32\WindowsPowerShell\v1.0\;C:\Users\JP\.dnx\bin;C:\Program Files\Microsoft DNX\Dnvm\;C:\Program Files (x86)\Windows Kits\8.1\Windows Performance Toolkit\;C:\Program Files\Microsoft SQL Server\120\Tools\Binn\;d:\Program Files\Git\cmd;C:\Program Files (x86)\CMake\bin;C:\Program Files\Java\jdk1.8.0_101\bin;C:\Program Files\TortoiseSVN\bin;C:\phantomjs-2.1.1\bin;F:\Software\Redis-x64-2.8.2400;C:\ProgramData\chocolatey\bin;D:\android-sdk\tools;D:\android-sdk\platform-tools;C:\Program Files\nodejs\;C:\Users\JP\AppData\Local\atom\bin;D:\CygwinPortable\App\Cygwin\bin;C:\Ruby22\bin;C:\Users\JP\AppData\Local\Microsoft\WindowsApps;C:\Users\JP\AppData\Local\.meteor\;C:\Users\JP\AppData\Roaming\npm;C:\Users\JP\AppData\Local\atom\bin;D:\Download\cmder
10 verbose lifecycle isomorphic-web@1.0.0~start:dist: CWD: C:\open-source\isomorphic-react
11 silly lifecycle isomorphic-web@1.0.0~start:dist: Args: [ '/d /s /c', 'node ./dist/server.js' ]
12 silly lifecycle isomorphic-web@1.0.0~start:dist: Returned: code: 1  signal: null
13 info lifecycle isomorphic-web@1.0.0~start:dist: Failed to exec start:dist script
14 verbose stack Error: isomorphic-web@1.0.0 start:dist: `node ./dist/server.js`
14 verbose stack Exit status 1
14 verbose stack     at EventEmitter.<anonymous> (C:\Users\JP\AppData\Roaming\npm\node_modules\npm\lib\utils\lifecycle.js:279:16)
14 verbose stack     at emitTwo (events.js:106:13)
14 verbose stack     at EventEmitter.emit (events.js:191:7)
14 verbose stack     at ChildProcess.<anonymous> (C:\Users\JP\AppData\Roaming\npm\node_modules\npm\lib\utils\spawn.js:40:14)
14 verbose stack     at emitTwo (events.js:106:13)
14 verbose stack     at ChildProcess.emit (events.js:191:7)
14 verbose stack     at maybeClose (internal/child_process.js:877:16)
14 verbose stack     at Process.ChildProcess._handle.onexit (internal/child_process.js:226:5)
15 verbose pkgid isomorphic-web@1.0.0
16 verbose cwd C:\open-source\isomorphic-react
17 error Windows_NT 10.0.14393
18 error argv "C:\\Program Files\\nodejs\\node.exe" "C:\\Users\\JP\\AppData\\Roaming\\npm\\node_modules\\npm\\bin\\npm-cli.js" "run" "start:dist"
19 error node v6.10.0
20 error npm  v4.0.5
21 error code ELIFECYCLE
22 error isomorphic-web@1.0.0 start:dist: `node ./dist/server.js`
22 error Exit status 1
23 error Failed at the isomorphic-web@1.0.0 start:dist script 'node ./dist/server.js'.
23 error Make sure you have the latest version of node.js and npm installed.
23 error If you do, this is most likely a problem with the isomorphic-web package,
23 error not with npm itself.
23 error Tell the author that this fails on your system:
23 error     node ./dist/server.js
23 error You can get information on how to open an issue for this project with:
23 error     npm bugs isomorphic-web
23 error Or if that isn't available, you can get their info via:
23 error     npm owner ls isomorphic-web
23 error There is likely additional logging output above.
24 verbose exit [ 1, true ]
